#! /gaia/home/faculty/changw/ivl/bin/vvp
:ivl_version "0.9.6 " "(v0_9_6)";
:vpi_time_precision + 0;
:vpi_module "system";
:vpi_module "v2005_math";
:vpi_module "va_math";
S_0x1995690 .scope module, "TestMod" "TestMod" 2 21;
 .timescale 0 0;
v0x19e68b0_0 .var "d0", 0 0;
v0x19e6950_0 .var "d1", 0 0;
v0x19e6a00_0 .var "d2", 0 0;
v0x19e6ab0_0 .var "d3", 0 0;
v0x19e6b90_0 .net "o", 0 0, L_0x19e73a0; 1 drivers
v0x19e6c40_0 .var "s0", 0 0;
v0x19e6cc0_0 .var "s1", 0 0;
S_0x1995780 .scope module, "my_mux" "MuxMod" 2 25, 2 6, S_0x1995690;
 .timescale 0 0;
L_0x19e65e0 .functor NOT 1, v0x19e6cc0_0, C4<0>, C4<0>, C4<0>;
L_0x19e6da0 .functor NOT 1, v0x19e6c40_0, C4<0>, C4<0>, C4<0>;
L_0x19e6e50 .functor AND 1, v0x19e68b0_0, L_0x19e6da0, L_0x19e65e0, C4<1>;
L_0x19e6fd0 .functor AND 1, v0x19e6950_0, v0x19e6c40_0, L_0x19e65e0, C4<1>;
L_0x19e7080 .functor AND 1, v0x19e6a00_0, L_0x19e6da0, v0x19e6cc0_0, C4<1>;
L_0x19e7160 .functor AND 1, v0x19e6ab0_0, v0x19e6c40_0, v0x19e6cc0_0, C4<1>;
L_0x19e73a0 .functor OR 1, L_0x19e6e50, L_0x19e6fd0, L_0x19e7080, L_0x19e7160;
v0x1995870_0 .net "and0", 0 0, L_0x19e6e50; 1 drivers
v0x19e5fc0_0 .net "and1", 0 0, L_0x19e6fd0; 1 drivers
v0x19e6060_0 .net "and2", 0 0, L_0x19e7080; 1 drivers
v0x19e6100_0 .net "and3", 0 0, L_0x19e7160; 1 drivers
v0x19e61b0_0 .net "d0", 0 0, v0x19e68b0_0; 1 drivers
v0x19e6250_0 .net "d1", 0 0, v0x19e6950_0; 1 drivers
v0x19e6330_0 .net "d2", 0 0, v0x19e6a00_0; 1 drivers
v0x19e63d0_0 .net "d3", 0 0, v0x19e6ab0_0; 1 drivers
v0x19e64c0_0 .alias "o", 0 0, v0x19e6b90_0;
v0x19e6560_0 .net "s0", 0 0, v0x19e6c40_0; 1 drivers
v0x19e6660_0 .net "s0_inv", 0 0, L_0x19e6da0; 1 drivers
v0x19e6700_0 .net "s1", 0 0, v0x19e6cc0_0; 1 drivers
v0x19e6810_0 .net "s1_inv", 0 0, L_0x19e65e0; 1 drivers
    .scope S_0x1995690;
T_0 ;
    %vpi_call 2 28 "$display", "Time\011s1\011s2\011d0\011d1\011d2\011d3\011o";
    %vpi_call 2 29 "$display", "----------------------------------------------------------------";
    %vpi_call 2 30 "$monitor", "%0d\011%b\011%b\011%b\011%b\011%b\011%b\011%b", $time, v0x19e6cc0_0, v0x19e6c40_0, v0x19e68b0_0, v0x19e6950_0, v0x19e6a00_0, v0x19e6ab0_0, v0x19e6b90_0;
    %end;
    .thread T_0;
    .scope S_0x1995690;
T_1 ;
    %set/v v0x19e6cc0_0, 0, 1;
    %set/v v0x19e6c40_0, 0, 1;
    %set/v v0x19e68b0_0, 0, 1;
    %set/v v0x19e6950_0, 0, 1;
    %set/v v0x19e6a00_0, 0, 1;
    %set/v v0x19e6ab0_0, 0, 1;
    %delay 1, 0;
    %set/v v0x19e6cc0_0, 0, 1;
    %set/v v0x19e6c40_0, 0, 1;
    %set/v v0x19e68b0_0, 0, 1;
    %set/v v0x19e6950_0, 0, 1;
    %set/v v0x19e6a00_0, 0, 1;
    %set/v v0x19e6ab0_0, 1, 1;
    %delay 1, 0;
    %set/v v0x19e6cc0_0, 0, 1;
    %set/v v0x19e6c40_0, 0, 1;
    %set/v v0x19e68b0_0, 0, 1;
    %set/v v0x19e6950_0, 0, 1;
    %set/v v0x19e6a00_0, 1, 1;
    %set/v v0x19e6ab0_0, 0, 1;
    %delay 1, 0;
    %set/v v0x19e6cc0_0, 0, 1;
    %set/v v0x19e6c40_0, 0, 1;
    %set/v v0x19e68b0_0, 0, 1;
    %set/v v0x19e6950_0, 0, 1;
    %set/v v0x19e6a00_0, 1, 1;
    %set/v v0x19e6ab0_0, 1, 1;
    %delay 1, 0;
    %set/v v0x19e6cc0_0, 0, 1;
    %set/v v0x19e6c40_0, 0, 1;
    %set/v v0x19e68b0_0, 0, 1;
    %set/v v0x19e6950_0, 1, 1;
    %set/v v0x19e6a00_0, 0, 1;
    %set/v v0x19e6ab0_0, 0, 1;
    %delay 1, 0;
    %set/v v0x19e6cc0_0, 0, 1;
    %set/v v0x19e6c40_0, 0, 1;
    %set/v v0x19e68b0_0, 0, 1;
    %set/v v0x19e6950_0, 1, 1;
    %set/v v0x19e6a00_0, 0, 1;
    %set/v v0x19e6ab0_0, 1, 1;
    %delay 1, 0;
    %set/v v0x19e6cc0_0, 0, 1;
    %set/v v0x19e6c40_0, 0, 1;
    %set/v v0x19e68b0_0, 0, 1;
    %set/v v0x19e6950_0, 1, 1;
    %set/v v0x19e6a00_0, 1, 1;
    %set/v v0x19e6ab0_0, 0, 1;
    %delay 1, 0;
    %set/v v0x19e6cc0_0, 0, 1;
    %set/v v0x19e6c40_0, 0, 1;
    %set/v v0x19e68b0_0, 0, 1;
    %set/v v0x19e6950_0, 1, 1;
    %set/v v0x19e6a00_0, 1, 1;
    %set/v v0x19e6ab0_0, 1, 1;
    %delay 1, 0;
    %set/v v0x19e6cc0_0, 0, 1;
    %set/v v0x19e6c40_0, 0, 1;
    %set/v v0x19e68b0_0, 1, 1;
    %set/v v0x19e6950_0, 0, 1;
    %set/v v0x19e6a00_0, 0, 1;
    %set/v v0x19e6ab0_0, 0, 1;
    %delay 1, 0;
    %set/v v0x19e6cc0_0, 0, 1;
    %set/v v0x19e6c40_0, 0, 1;
    %set/v v0x19e68b0_0, 1, 1;
    %set/v v0x19e6950_0, 0, 1;
    %set/v v0x19e6a00_0, 0, 1;
    %set/v v0x19e6ab0_0, 1, 1;
    %delay 1, 0;
    %set/v v0x19e6cc0_0, 0, 1;
    %set/v v0x19e6c40_0, 0, 1;
    %set/v v0x19e68b0_0, 1, 1;
    %set/v v0x19e6950_0, 0, 1;
    %set/v v0x19e6a00_0, 1, 1;
    %set/v v0x19e6ab0_0, 0, 1;
    %delay 1, 0;
    %set/v v0x19e6cc0_0, 0, 1;
    %set/v v0x19e6c40_0, 0, 1;
    %set/v v0x19e68b0_0, 1, 1;
    %set/v v0x19e6950_0, 0, 1;
    %set/v v0x19e6a00_0, 1, 1;
    %set/v v0x19e6ab0_0, 1, 1;
    %delay 1, 0;
    %set/v v0x19e6cc0_0, 0, 1;
    %set/v v0x19e6c40_0, 0, 1;
    %set/v v0x19e68b0_0, 1, 1;
    %set/v v0x19e6950_0, 1, 1;
    %set/v v0x19e6a00_0, 0, 1;
    %set/v v0x19e6ab0_0, 0, 1;
    %delay 1, 0;
    %set/v v0x19e6cc0_0, 0, 1;
    %set/v v0x19e6c40_0, 0, 1;
    %set/v v0x19e68b0_0, 1, 1;
    %set/v v0x19e6950_0, 1, 1;
    %set/v v0x19e6a00_0, 0, 1;
    %set/v v0x19e6ab0_0, 1, 1;
    %delay 1, 0;
    %set/v v0x19e6cc0_0, 0, 1;
    %set/v v0x19e6c40_0, 0, 1;
    %set/v v0x19e68b0_0, 1, 1;
    %set/v v0x19e6950_0, 1, 1;
    %set/v v0x19e6a00_0, 1, 1;
    %set/v v0x19e6ab0_0, 0, 1;
    %delay 1, 0;
    %set/v v0x19e6cc0_0, 0, 1;
    %set/v v0x19e6c40_0, 0, 1;
    %set/v v0x19e68b0_0, 1, 1;
    %set/v v0x19e6950_0, 1, 1;
    %set/v v0x19e6a00_0, 1, 1;
    %set/v v0x19e6ab0_0, 1, 1;
    %delay 1, 0;
    %set/v v0x19e6cc0_0, 0, 1;
    %set/v v0x19e6c40_0, 1, 1;
    %set/v v0x19e68b0_0, 0, 1;
    %set/v v0x19e6950_0, 0, 1;
    %set/v v0x19e6a00_0, 0, 1;
    %set/v v0x19e6ab0_0, 0, 1;
    %delay 1, 0;
    %set/v v0x19e6cc0_0, 0, 1;
    %set/v v0x19e6c40_0, 1, 1;
    %set/v v0x19e68b0_0, 0, 1;
    %set/v v0x19e6950_0, 0, 1;
    %set/v v0x19e6a00_0, 0, 1;
    %set/v v0x19e6ab0_0, 1, 1;
    %delay 1, 0;
    %set/v v0x19e6cc0_0, 0, 1;
    %set/v v0x19e6c40_0, 1, 1;
    %set/v v0x19e68b0_0, 0, 1;
    %set/v v0x19e6950_0, 0, 1;
    %set/v v0x19e6a00_0, 1, 1;
    %set/v v0x19e6ab0_0, 0, 1;
    %delay 1, 0;
    %set/v v0x19e6cc0_0, 0, 1;
    %set/v v0x19e6c40_0, 1, 1;
    %set/v v0x19e68b0_0, 0, 1;
    %set/v v0x19e6950_0, 0, 1;
    %set/v v0x19e6a00_0, 1, 1;
    %set/v v0x19e6ab0_0, 1, 1;
    %delay 1, 0;
    %set/v v0x19e6cc0_0, 0, 1;
    %set/v v0x19e6c40_0, 1, 1;
    %set/v v0x19e68b0_0, 0, 1;
    %set/v v0x19e6950_0, 1, 1;
    %set/v v0x19e6a00_0, 0, 1;
    %set/v v0x19e6ab0_0, 0, 1;
    %delay 1, 0;
    %set/v v0x19e6cc0_0, 0, 1;
    %set/v v0x19e6c40_0, 1, 1;
    %set/v v0x19e68b0_0, 0, 1;
    %set/v v0x19e6950_0, 1, 1;
    %set/v v0x19e6a00_0, 0, 1;
    %set/v v0x19e6ab0_0, 1, 1;
    %delay 1, 0;
    %set/v v0x19e6cc0_0, 0, 1;
    %set/v v0x19e6c40_0, 1, 1;
    %set/v v0x19e68b0_0, 0, 1;
    %set/v v0x19e6950_0, 1, 1;
    %set/v v0x19e6a00_0, 1, 1;
    %set/v v0x19e6ab0_0, 0, 1;
    %delay 1, 0;
    %set/v v0x19e6cc0_0, 0, 1;
    %set/v v0x19e6c40_0, 1, 1;
    %set/v v0x19e68b0_0, 0, 1;
    %set/v v0x19e6950_0, 1, 1;
    %set/v v0x19e6a00_0, 1, 1;
    %set/v v0x19e6ab0_0, 1, 1;
    %delay 1, 0;
    %set/v v0x19e6cc0_0, 0, 1;
    %set/v v0x19e6c40_0, 1, 1;
    %set/v v0x19e68b0_0, 1, 1;
    %set/v v0x19e6950_0, 0, 1;
    %set/v v0x19e6a00_0, 0, 1;
    %set/v v0x19e6ab0_0, 0, 1;
    %delay 1, 0;
    %set/v v0x19e6cc0_0, 0, 1;
    %set/v v0x19e6c40_0, 1, 1;
    %set/v v0x19e68b0_0, 1, 1;
    %set/v v0x19e6950_0, 0, 1;
    %set/v v0x19e6a00_0, 0, 1;
    %set/v v0x19e6ab0_0, 1, 1;
    %delay 1, 0;
    %set/v v0x19e6cc0_0, 0, 1;
    %set/v v0x19e6c40_0, 1, 1;
    %set/v v0x19e68b0_0, 1, 1;
    %set/v v0x19e6950_0, 0, 1;
    %set/v v0x19e6a00_0, 1, 1;
    %set/v v0x19e6ab0_0, 0, 1;
    %delay 1, 0;
    %set/v v0x19e6cc0_0, 0, 1;
    %set/v v0x19e6c40_0, 1, 1;
    %set/v v0x19e68b0_0, 1, 1;
    %set/v v0x19e6950_0, 0, 1;
    %set/v v0x19e6a00_0, 1, 1;
    %set/v v0x19e6ab0_0, 1, 1;
    %delay 1, 0;
    %set/v v0x19e6cc0_0, 0, 1;
    %set/v v0x19e6c40_0, 1, 1;
    %set/v v0x19e68b0_0, 1, 1;
    %set/v v0x19e6950_0, 1, 1;
    %set/v v0x19e6a00_0, 0, 1;
    %set/v v0x19e6ab0_0, 0, 1;
    %delay 1, 0;
    %set/v v0x19e6cc0_0, 0, 1;
    %set/v v0x19e6c40_0, 1, 1;
    %set/v v0x19e68b0_0, 1, 1;
    %set/v v0x19e6950_0, 1, 1;
    %set/v v0x19e6a00_0, 0, 1;
    %set/v v0x19e6ab0_0, 1, 1;
    %delay 1, 0;
    %set/v v0x19e6cc0_0, 0, 1;
    %set/v v0x19e6c40_0, 1, 1;
    %set/v v0x19e68b0_0, 1, 1;
    %set/v v0x19e6950_0, 1, 1;
    %set/v v0x19e6a00_0, 1, 1;
    %set/v v0x19e6ab0_0, 0, 1;
    %delay 1, 0;
    %set/v v0x19e6cc0_0, 0, 1;
    %set/v v0x19e6c40_0, 1, 1;
    %set/v v0x19e68b0_0, 1, 1;
    %set/v v0x19e6950_0, 1, 1;
    %set/v v0x19e6a00_0, 1, 1;
    %set/v v0x19e6ab0_0, 1, 1;
    %delay 1, 0;
    %set/v v0x19e6cc0_0, 1, 1;
    %set/v v0x19e6c40_0, 0, 1;
    %set/v v0x19e68b0_0, 0, 1;
    %set/v v0x19e6950_0, 0, 1;
    %set/v v0x19e6a00_0, 0, 1;
    %set/v v0x19e6ab0_0, 0, 1;
    %delay 1, 0;
    %set/v v0x19e6cc0_0, 1, 1;
    %set/v v0x19e6c40_0, 0, 1;
    %set/v v0x19e68b0_0, 0, 1;
    %set/v v0x19e6950_0, 0, 1;
    %set/v v0x19e6a00_0, 0, 1;
    %set/v v0x19e6ab0_0, 1, 1;
    %delay 1, 0;
    %set/v v0x19e6cc0_0, 1, 1;
    %set/v v0x19e6c40_0, 0, 1;
    %set/v v0x19e68b0_0, 0, 1;
    %set/v v0x19e6950_0, 0, 1;
    %set/v v0x19e6a00_0, 1, 1;
    %set/v v0x19e6ab0_0, 0, 1;
    %delay 1, 0;
    %set/v v0x19e6cc0_0, 1, 1;
    %set/v v0x19e6c40_0, 0, 1;
    %set/v v0x19e68b0_0, 0, 1;
    %set/v v0x19e6950_0, 0, 1;
    %set/v v0x19e6a00_0, 1, 1;
    %set/v v0x19e6ab0_0, 1, 1;
    %delay 1, 0;
    %set/v v0x19e6cc0_0, 1, 1;
    %set/v v0x19e6c40_0, 0, 1;
    %set/v v0x19e68b0_0, 0, 1;
    %set/v v0x19e6950_0, 1, 1;
    %set/v v0x19e6a00_0, 0, 1;
    %set/v v0x19e6ab0_0, 0, 1;
    %delay 1, 0;
    %set/v v0x19e6cc0_0, 1, 1;
    %set/v v0x19e6c40_0, 0, 1;
    %set/v v0x19e68b0_0, 0, 1;
    %set/v v0x19e6950_0, 1, 1;
    %set/v v0x19e6a00_0, 0, 1;
    %set/v v0x19e6ab0_0, 1, 1;
    %delay 1, 0;
    %set/v v0x19e6cc0_0, 1, 1;
    %set/v v0x19e6c40_0, 0, 1;
    %set/v v0x19e68b0_0, 0, 1;
    %set/v v0x19e6950_0, 1, 1;
    %set/v v0x19e6a00_0, 1, 1;
    %set/v v0x19e6ab0_0, 0, 1;
    %delay 1, 0;
    %set/v v0x19e6cc0_0, 1, 1;
    %set/v v0x19e6c40_0, 0, 1;
    %set/v v0x19e68b0_0, 0, 1;
    %set/v v0x19e6950_0, 1, 1;
    %set/v v0x19e6a00_0, 1, 1;
    %set/v v0x19e6ab0_0, 1, 1;
    %delay 1, 0;
    %set/v v0x19e6cc0_0, 1, 1;
    %set/v v0x19e6c40_0, 0, 1;
    %set/v v0x19e68b0_0, 1, 1;
    %set/v v0x19e6950_0, 0, 1;
    %set/v v0x19e6a00_0, 0, 1;
    %set/v v0x19e6ab0_0, 0, 1;
    %delay 1, 0;
    %set/v v0x19e6cc0_0, 1, 1;
    %set/v v0x19e6c40_0, 0, 1;
    %set/v v0x19e68b0_0, 1, 1;
    %set/v v0x19e6950_0, 0, 1;
    %set/v v0x19e6a00_0, 0, 1;
    %set/v v0x19e6ab0_0, 1, 1;
    %delay 1, 0;
    %set/v v0x19e6cc0_0, 1, 1;
    %set/v v0x19e6c40_0, 0, 1;
    %set/v v0x19e68b0_0, 1, 1;
    %set/v v0x19e6950_0, 0, 1;
    %set/v v0x19e6a00_0, 1, 1;
    %set/v v0x19e6ab0_0, 0, 1;
    %delay 1, 0;
    %set/v v0x19e6cc0_0, 1, 1;
    %set/v v0x19e6c40_0, 0, 1;
    %set/v v0x19e68b0_0, 1, 1;
    %set/v v0x19e6950_0, 0, 1;
    %set/v v0x19e6a00_0, 1, 1;
    %set/v v0x19e6ab0_0, 1, 1;
    %delay 1, 0;
    %set/v v0x19e6cc0_0, 1, 1;
    %set/v v0x19e6c40_0, 0, 1;
    %set/v v0x19e68b0_0, 1, 1;
    %set/v v0x19e6950_0, 1, 1;
    %set/v v0x19e6a00_0, 0, 1;
    %set/v v0x19e6ab0_0, 0, 1;
    %delay 1, 0;
    %set/v v0x19e6cc0_0, 1, 1;
    %set/v v0x19e6c40_0, 0, 1;
    %set/v v0x19e68b0_0, 1, 1;
    %set/v v0x19e6950_0, 1, 1;
    %set/v v0x19e6a00_0, 0, 1;
    %set/v v0x19e6ab0_0, 1, 1;
    %delay 1, 0;
    %set/v v0x19e6cc0_0, 1, 1;
    %set/v v0x19e6c40_0, 0, 1;
    %set/v v0x19e68b0_0, 1, 1;
    %set/v v0x19e6950_0, 1, 1;
    %set/v v0x19e6a00_0, 1, 1;
    %set/v v0x19e6ab0_0, 0, 1;
    %delay 1, 0;
    %set/v v0x19e6cc0_0, 1, 1;
    %set/v v0x19e6c40_0, 0, 1;
    %set/v v0x19e68b0_0, 1, 1;
    %set/v v0x19e6950_0, 1, 1;
    %set/v v0x19e6a00_0, 1, 1;
    %set/v v0x19e6ab0_0, 1, 1;
    %delay 1, 0;
    %set/v v0x19e6cc0_0, 1, 1;
    %set/v v0x19e6c40_0, 1, 1;
    %set/v v0x19e68b0_0, 0, 1;
    %set/v v0x19e6950_0, 0, 1;
    %set/v v0x19e6a00_0, 0, 1;
    %set/v v0x19e6ab0_0, 0, 1;
    %delay 1, 0;
    %set/v v0x19e6cc0_0, 1, 1;
    %set/v v0x19e6c40_0, 1, 1;
    %set/v v0x19e68b0_0, 0, 1;
    %set/v v0x19e6950_0, 0, 1;
    %set/v v0x19e6a00_0, 0, 1;
    %set/v v0x19e6ab0_0, 1, 1;
    %delay 1, 0;
    %set/v v0x19e6cc0_0, 1, 1;
    %set/v v0x19e6c40_0, 1, 1;
    %set/v v0x19e68b0_0, 0, 1;
    %set/v v0x19e6950_0, 0, 1;
    %set/v v0x19e6a00_0, 1, 1;
    %set/v v0x19e6ab0_0, 0, 1;
    %delay 1, 0;
    %set/v v0x19e6cc0_0, 1, 1;
    %set/v v0x19e6c40_0, 1, 1;
    %set/v v0x19e68b0_0, 0, 1;
    %set/v v0x19e6950_0, 0, 1;
    %set/v v0x19e6a00_0, 1, 1;
    %set/v v0x19e6ab0_0, 1, 1;
    %delay 1, 0;
    %set/v v0x19e6cc0_0, 1, 1;
    %set/v v0x19e6c40_0, 1, 1;
    %set/v v0x19e68b0_0, 0, 1;
    %set/v v0x19e6950_0, 1, 1;
    %set/v v0x19e6a00_0, 0, 1;
    %set/v v0x19e6ab0_0, 0, 1;
    %delay 1, 0;
    %set/v v0x19e6cc0_0, 1, 1;
    %set/v v0x19e6c40_0, 1, 1;
    %set/v v0x19e68b0_0, 0, 1;
    %set/v v0x19e6950_0, 1, 1;
    %set/v v0x19e6a00_0, 0, 1;
    %set/v v0x19e6ab0_0, 1, 1;
    %delay 1, 0;
    %set/v v0x19e6cc0_0, 1, 1;
    %set/v v0x19e6c40_0, 1, 1;
    %set/v v0x19e68b0_0, 0, 1;
    %set/v v0x19e6950_0, 1, 1;
    %set/v v0x19e6a00_0, 1, 1;
    %set/v v0x19e6ab0_0, 0, 1;
    %delay 1, 0;
    %set/v v0x19e6cc0_0, 1, 1;
    %set/v v0x19e6c40_0, 1, 1;
    %set/v v0x19e68b0_0, 0, 1;
    %set/v v0x19e6950_0, 1, 1;
    %set/v v0x19e6a00_0, 1, 1;
    %set/v v0x19e6ab0_0, 1, 1;
    %delay 1, 0;
    %set/v v0x19e6cc0_0, 1, 1;
    %set/v v0x19e6c40_0, 1, 1;
    %set/v v0x19e68b0_0, 1, 1;
    %set/v v0x19e6950_0, 0, 1;
    %set/v v0x19e6a00_0, 0, 1;
    %set/v v0x19e6ab0_0, 0, 1;
    %delay 1, 0;
    %set/v v0x19e6cc0_0, 1, 1;
    %set/v v0x19e6c40_0, 1, 1;
    %set/v v0x19e68b0_0, 1, 1;
    %set/v v0x19e6950_0, 0, 1;
    %set/v v0x19e6a00_0, 0, 1;
    %set/v v0x19e6ab0_0, 1, 1;
    %delay 1, 0;
    %set/v v0x19e6cc0_0, 1, 1;
    %set/v v0x19e6c40_0, 1, 1;
    %set/v v0x19e68b0_0, 1, 1;
    %set/v v0x19e6950_0, 0, 1;
    %set/v v0x19e6a00_0, 1, 1;
    %set/v v0x19e6ab0_0, 0, 1;
    %delay 1, 0;
    %set/v v0x19e6cc0_0, 1, 1;
    %set/v v0x19e6c40_0, 1, 1;
    %set/v v0x19e68b0_0, 1, 1;
    %set/v v0x19e6950_0, 0, 1;
    %set/v v0x19e6a00_0, 1, 1;
    %set/v v0x19e6ab0_0, 1, 1;
    %delay 1, 0;
    %set/v v0x19e6cc0_0, 1, 1;
    %set/v v0x19e6c40_0, 1, 1;
    %set/v v0x19e68b0_0, 1, 1;
    %set/v v0x19e6950_0, 1, 1;
    %set/v v0x19e6a00_0, 0, 1;
    %set/v v0x19e6ab0_0, 0, 1;
    %delay 1, 0;
    %set/v v0x19e6cc0_0, 1, 1;
    %set/v v0x19e6c40_0, 1, 1;
    %set/v v0x19e68b0_0, 1, 1;
    %set/v v0x19e6950_0, 1, 1;
    %set/v v0x19e6a00_0, 0, 1;
    %set/v v0x19e6ab0_0, 1, 1;
    %delay 1, 0;
    %set/v v0x19e6cc0_0, 1, 1;
    %set/v v0x19e6c40_0, 1, 1;
    %set/v v0x19e68b0_0, 1, 1;
    %set/v v0x19e6950_0, 1, 1;
    %set/v v0x19e6a00_0, 1, 1;
    %set/v v0x19e6ab0_0, 0, 1;
    %delay 1, 0;
    %set/v v0x19e6cc0_0, 1, 1;
    %set/v v0x19e6c40_0, 1, 1;
    %set/v v0x19e68b0_0, 1, 1;
    %set/v v0x19e6950_0, 1, 1;
    %set/v v0x19e6a00_0, 1, 1;
    %set/v v0x19e6ab0_0, 1, 1;
    %end;
    .thread T_1;
# The file index is used to find the file name in the following table.
:file_names 3;
    "N/A";
    "<interactive>";
    "mux4x1.v";
