#! /gaia/home/faculty/changw/ivl/bin/vvp
:ivl_version "0.9.6 " "(v0_9_6)";
:vpi_time_precision + 0;
:vpi_module "system";
:vpi_module "v2005_math";
:vpi_module "va_math";
S_0x13ec540 .scope module, "tester" "tester" 2 3;
 .timescale 0 0;
P_0x13f4488 .param/l "STDIN" 2 6, C4<10000000000000000000000000000000>;
P_0x13f44b0 .param/l "minus_sign" 2 5, +C4<0101101>;
P_0x13f44d8 .param/l "plus_sign" 2 4, +C4<0101011>;
v0x141d850_0 .var "C0", 0 0;
v0x141d8d0_0 .net "C4", 0 0, L_0x14200f0; 1 drivers
v0x141d950_0 .net "C5", 0 0, L_0x1420660; 1 drivers
v0x141da20_0 .net "E", 0 0, L_0x141cfa0; 1 drivers
RS_0x7f6756cf0708/0/0 .resolv tri, L_0x141f060, L_0x141f6b0, L_0x141ff60, L_0x1420450;
RS_0x7f6756cf0708/0/4 .resolv tri, L_0x1420540, C4<zzzzz>, C4<zzzzz>, C4<zzzzz>;
RS_0x7f6756cf0708 .resolv tri, RS_0x7f6756cf0708/0/0, RS_0x7f6756cf0708/0/4, C4<zzzzz>, C4<zzzzz>;
v0x141daa0_0 .net8 "S", 4 0, RS_0x7f6756cf0708; 5 drivers
v0x141db20_0 .var "X", 4 0;
v0x141dba0_0 .var "Y", 4 0;
v0x141dc20 .array "str", 3 1, 7 0;
S_0x13eb6e0 .scope module, "myAddSub" "AdderSubtractorMod" 2 14, 2 47, S_0x13ec540;
 .timescale 0 0;
L_0x141cfa0 .functor XOR 1, L_0x14200f0, L_0x1420660, C4<0>, C4<0>;
L_0x141de70 .functor XOR 1, v0x141d850_0, L_0x141ded0, C4<0>, C4<0>;
L_0x141e100 .functor XOR 1, v0x141d850_0, L_0x141e240, C4<0>, C4<0>;
L_0x141e380 .functor XOR 1, v0x141d850_0, L_0x141e430, C4<0>, C4<0>;
L_0x141e6e0 .functor XOR 1, v0x141d850_0, L_0x141e740, C4<0>, C4<0>;
L_0x141e8d0 .functor XOR 1, v0x141d850_0, L_0x141e980, C4<0>, C4<0>;
v0x141c8f0_0 .net "C0", 0 0, v0x141d850_0; 1 drivers
v0x141c990_0 .net "C1", 0 0, L_0x141e1b0; 1 drivers
v0x141ca60_0 .net "C2", 0 0, L_0x141f290; 1 drivers
v0x141cb30_0 .net "C3", 0 0, L_0x141f980; 1 drivers
v0x141cc00_0 .alias "C4", 0 0, v0x141d8d0_0;
v0x141ccd0_0 .alias "C5", 0 0, v0x141d950_0;
v0x141cd50_0 .alias "E", 0 0, v0x141da20_0;
v0x141cdd0_0 .alias "S", 4 0, v0x141daa0_0;
v0x141cea0_0 .net "X", 4 0, v0x141db20_0; 1 drivers
v0x141cf20_0 .net "Y", 4 0, v0x141dba0_0; 1 drivers
v0x141d020_0 .net *"_s10", 0 0, L_0x141e240; 1 drivers
v0x141d0c0_0 .net *"_s12", 0 0, L_0x141e380; 1 drivers
v0x141d1d0_0 .net *"_s15", 0 0, L_0x141e430; 1 drivers
v0x141d270_0 .net *"_s17", 0 0, L_0x141e6e0; 1 drivers
v0x141d390_0 .net *"_s2", 0 0, L_0x141de70; 1 drivers
v0x141d430_0 .net *"_s20", 0 0, L_0x141e740; 1 drivers
v0x141d2f0_0 .net *"_s22", 0 0, L_0x141e8d0; 1 drivers
v0x141d580_0 .net *"_s25", 0 0, L_0x141e980; 1 drivers
v0x141d6a0_0 .net *"_s5", 0 0, L_0x141ded0; 1 drivers
v0x141d720_0 .net *"_s7", 0 0, L_0x141e100; 1 drivers
RS_0x7f6756cf0978/0/0 .resolv tri, L_0x141ddd0, L_0x141e010, L_0x141e2e0, L_0x141e5b0;
RS_0x7f6756cf0978/0/4 .resolv tri, L_0x141e830, C4<zzzzz>, C4<zzzzz>, C4<zzzzz>;
RS_0x7f6756cf0978 .resolv tri, RS_0x7f6756cf0978/0/0, RS_0x7f6756cf0978/0/4, C4<zzzzz>, C4<zzzzz>;
v0x141d600_0 .net8 "xorY", 4 0, RS_0x7f6756cf0978; 5 drivers
L_0x141ddd0 .part/pv L_0x141de70, 0, 1, 5;
L_0x141ded0 .part v0x141dba0_0, 0, 1;
L_0x141e010 .part/pv L_0x141e100, 1, 1, 5;
L_0x141e240 .part v0x141dba0_0, 1, 1;
L_0x141e2e0 .part/pv L_0x141e380, 2, 1, 5;
L_0x141e430 .part v0x141dba0_0, 2, 1;
L_0x141e5b0 .part/pv L_0x141e6e0, 3, 1, 5;
L_0x141e740 .part v0x141dba0_0, 3, 1;
L_0x141e830 .part/pv L_0x141e8d0, 4, 1, 5;
L_0x141e980 .part v0x141dba0_0, 4, 1;
L_0x141eed0 .part v0x141db20_0, 0, 1;
L_0x141efc0 .part RS_0x7f6756cf0978, 0, 1;
L_0x141f060 .part/pv L_0x141ee70, 0, 1, 5;
L_0x141f4f0 .part v0x141db20_0, 1, 1;
L_0x141f610 .part RS_0x7f6756cf0978, 1, 1;
L_0x141f6b0 .part/pv L_0x141f490, 1, 1, 5;
L_0x141fbe0 .part v0x141db20_0, 2, 1;
L_0x141fd10 .part RS_0x7f6756cf0978, 2, 1;
L_0x141ff60 .part/pv L_0x141fb80, 2, 1, 5;
L_0x1420300 .part v0x141db20_0, 3, 1;
L_0x141fec0 .part RS_0x7f6756cf0978, 3, 1;
L_0x1420450 .part/pv L_0x14202a0, 3, 1, 5;
L_0x1420900 .part v0x141db20_0, 4, 1;
L_0x14209a0 .part RS_0x7f6756cf0978, 4, 1;
L_0x1420540 .part/pv L_0x14208a0, 4, 1, 5;
S_0x141c2c0 .scope module, "FA0" "FullAdderMod" 2 65, 2 74, S_0x13eb6e0;
 .timescale 0 0;
L_0x141ead0 .functor AND 1, L_0x141eed0, L_0x141efc0, C4<1>, C4<1>;
L_0x141eb30 .functor AND 1, L_0x141ed20, v0x141d850_0, C4<1>, C4<1>;
L_0x141e1b0 .functor OR 1, L_0x141ead0, L_0x141eb30, C4<0>, C4<0>;
L_0x141ed20 .functor XOR 1, L_0x141eed0, L_0x141efc0, C4<0>, C4<0>;
L_0x141ee70 .functor XOR 1, v0x141d850_0, L_0x141ed20, C4<0>, C4<0>;
v0x141c3b0_0 .alias "C", 0 0, v0x141c990_0;
v0x141c450_0 .net "S", 0 0, L_0x141ee70; 1 drivers
v0x141c4d0_0 .net "and0", 0 0, L_0x141ead0; 1 drivers
v0x141c570_0 .net "and1", 0 0, L_0x141eb30; 1 drivers
v0x141c620_0 .net "x", 0 0, L_0x141eed0; 1 drivers
v0x141c6c0_0 .net "xor0", 0 0, L_0x141ed20; 1 drivers
v0x141c760_0 .net "y", 0 0, L_0x141efc0; 1 drivers
v0x141c800_0 .alias "z", 0 0, v0x141c8f0_0;
S_0x141bc90 .scope module, "FA1" "FullAdderMod" 2 66, 2 74, S_0x13eb6e0;
 .timescale 0 0;
L_0x141ea70 .functor AND 1, L_0x141f4f0, L_0x141f610, C4<1>, C4<1>;
L_0x141f1a0 .functor AND 1, L_0x141f340, L_0x141e1b0, C4<1>, C4<1>;
L_0x141f290 .functor OR 1, L_0x141ea70, L_0x141f1a0, C4<0>, C4<0>;
L_0x141f340 .functor XOR 1, L_0x141f4f0, L_0x141f610, C4<0>, C4<0>;
L_0x141f490 .functor XOR 1, L_0x141e1b0, L_0x141f340, C4<0>, C4<0>;
v0x141bd80_0 .alias "C", 0 0, v0x141ca60_0;
v0x141be20_0 .net "S", 0 0, L_0x141f490; 1 drivers
v0x141bea0_0 .net "and0", 0 0, L_0x141ea70; 1 drivers
v0x141bf40_0 .net "and1", 0 0, L_0x141f1a0; 1 drivers
v0x141bff0_0 .net "x", 0 0, L_0x141f4f0; 1 drivers
v0x141c090_0 .net "xor0", 0 0, L_0x141f340; 1 drivers
v0x141c130_0 .net "y", 0 0, L_0x141f610; 1 drivers
v0x141c1d0_0 .alias "z", 0 0, v0x141c990_0;
S_0x141b660 .scope module, "FA2" "FullAdderMod" 2 67, 2 74, S_0x13eb6e0;
 .timescale 0 0;
L_0x141f830 .functor AND 1, L_0x141fbe0, L_0x141fd10, C4<1>, C4<1>;
L_0x141f890 .functor AND 1, L_0x141fa30, L_0x141f290, C4<1>, C4<1>;
L_0x141f980 .functor OR 1, L_0x141f830, L_0x141f890, C4<0>, C4<0>;
L_0x141fa30 .functor XOR 1, L_0x141fbe0, L_0x141fd10, C4<0>, C4<0>;
L_0x141fb80 .functor XOR 1, L_0x141f290, L_0x141fa30, C4<0>, C4<0>;
v0x141b750_0 .alias "C", 0 0, v0x141cb30_0;
v0x141b7f0_0 .net "S", 0 0, L_0x141fb80; 1 drivers
v0x141b870_0 .net "and0", 0 0, L_0x141f830; 1 drivers
v0x141b910_0 .net "and1", 0 0, L_0x141f890; 1 drivers
v0x141b9c0_0 .net "x", 0 0, L_0x141fbe0; 1 drivers
v0x141ba60_0 .net "xor0", 0 0, L_0x141fa30; 1 drivers
v0x141bb00_0 .net "y", 0 0, L_0x141fd10; 1 drivers
v0x141bba0_0 .alias "z", 0 0, v0x141ca60_0;
S_0x141b030 .scope module, "FA3" "FullAdderMod" 2 68, 2 74, S_0x13eb6e0;
 .timescale 0 0;
L_0x141f7a0 .functor AND 1, L_0x1420300, L_0x141fec0, C4<1>, C4<1>;
L_0x1420000 .functor AND 1, L_0x1420150, L_0x141f980, C4<1>, C4<1>;
L_0x14200f0 .functor OR 1, L_0x141f7a0, L_0x1420000, C4<0>, C4<0>;
L_0x1420150 .functor XOR 1, L_0x1420300, L_0x141fec0, C4<0>, C4<0>;
L_0x14202a0 .functor XOR 1, L_0x141f980, L_0x1420150, C4<0>, C4<0>;
v0x141b120_0 .alias "C", 0 0, v0x141d8d0_0;
v0x141b1c0_0 .net "S", 0 0, L_0x14202a0; 1 drivers
v0x141b240_0 .net "and0", 0 0, L_0x141f7a0; 1 drivers
v0x141b2e0_0 .net "and1", 0 0, L_0x1420000; 1 drivers
v0x141b390_0 .net "x", 0 0, L_0x1420300; 1 drivers
v0x141b430_0 .net "xor0", 0 0, L_0x1420150; 1 drivers
v0x141b4d0_0 .net "y", 0 0, L_0x141fec0; 1 drivers
v0x141b570_0 .alias "z", 0 0, v0x141cb30_0;
S_0x13ea880 .scope module, "FA4" "FullAdderMod" 2 69, 2 74, S_0x13eb6e0;
 .timescale 0 0;
L_0x14203a0 .functor AND 1, L_0x1420900, L_0x14209a0, C4<1>, C4<1>;
L_0x1420600 .functor AND 1, L_0x1420750, L_0x14200f0, C4<1>, C4<1>;
L_0x1420660 .functor OR 1, L_0x14203a0, L_0x1420600, C4<0>, C4<0>;
L_0x1420750 .functor XOR 1, L_0x1420900, L_0x14209a0, C4<0>, C4<0>;
L_0x14208a0 .functor XOR 1, L_0x14200f0, L_0x1420750, C4<0>, C4<0>;
v0x13f4250_0 .alias "C", 0 0, v0x141d950_0;
v0x141ab30_0 .net "S", 0 0, L_0x14208a0; 1 drivers
v0x141abd0_0 .net "and0", 0 0, L_0x14203a0; 1 drivers
v0x141ac70_0 .net "and1", 0 0, L_0x1420600; 1 drivers
v0x141ad20_0 .net "x", 0 0, L_0x1420900; 1 drivers
v0x141adc0_0 .net "xor0", 0 0, L_0x1420750; 1 drivers
v0x141aea0_0 .net "y", 0 0, L_0x14209a0; 1 drivers
v0x141af40_0 .alias "z", 0 0, v0x141d8d0_0;
    .scope S_0x13ec540;
T_0 ;
    %vpi_call 2 17 "$display", "Enter X (range 00 ~ 15): ";
    %vpi_func 2 18 "$fgetc", 8, 32, P_0x13f4488;
   %ix/load 1, 0, 0;
   %ix/load 3, 0, 0;
   %set/av v0x141dc20, 8, 8;
    %vpi_func 2 19 "$fgetc", 8, 32, P_0x13f4488;
   %ix/load 1, 0, 0;
   %ix/load 3, 1, 0;
   %set/av v0x141dc20, 8, 8;
    %vpi_func 2 20 "$fgetc", 8, 32, P_0x13f4488;
   %ix/load 1, 0, 0;
   %ix/load 3, 2, 0;
   %set/av v0x141dc20, 8, 8;
    %ix/load 3, 0, 0;
    %mov 4, 0, 1;
    %load/av 8, v0x141dc20, 8;
    %mov 16, 0, 24;
    %subi 8, 48, 32;
    %muli 8, 10, 32;
    %ix/load 3, 1, 0;
    %mov 4, 0, 1;
    %load/av 40, v0x141dc20, 8;
    %mov 48, 0, 8;
    %mov 56, 0, 16;
    %add 8, 40, 32;
    %subi 8, 48, 32;
    %set/v v0x141db20_0, 8, 5;
    %vpi_call 2 23 "$display", "Enter Y (range 00 ~ 15): ";
    %vpi_func 2 24 "$fgetc", 8, 32, P_0x13f4488;
   %ix/load 1, 0, 0;
   %ix/load 3, 0, 0;
   %set/av v0x141dc20, 8, 8;
    %vpi_func 2 25 "$fgetc", 8, 32, P_0x13f4488;
   %ix/load 1, 0, 0;
   %ix/load 3, 1, 0;
   %set/av v0x141dc20, 8, 8;
    %vpi_func 2 26 "$fgetc", 8, 32, P_0x13f4488;
   %ix/load 1, 0, 0;
   %ix/load 3, 2, 0;
   %set/av v0x141dc20, 8, 8;
    %ix/load 3, 0, 0;
    %mov 4, 0, 1;
    %load/av 8, v0x141dc20, 8;
    %mov 16, 0, 24;
    %subi 8, 48, 32;
    %muli 8, 10, 32;
    %ix/load 3, 1, 0;
    %mov 4, 0, 1;
    %load/av 40, v0x141dc20, 8;
    %mov 48, 0, 8;
    %mov 56, 0, 16;
    %add 8, 40, 32;
    %subi 8, 48, 32;
    %set/v v0x141dba0_0, 8, 5;
    %vpi_call 2 29 "$display", "Enter either '+' or '-': ";
    %vpi_func 2 30 "$fgetc", 8, 32, P_0x13f4488;
   %ix/load 1, 0, 0;
   %ix/load 3, 0, 0;
   %set/av v0x141dc20, 8, 8;
    %vpi_func 2 31 "$fgetc", 8, 32, P_0x13f4488;
   %ix/load 1, 0, 0;
   %ix/load 3, 1, 0;
   %set/av v0x141dc20, 8, 8;
    %ix/load 3, 0, 0;
    %mov 4, 0, 1;
    %load/av 8, v0x141dc20, 8;
    %mov 16, 0, 1;
    %cmpi/u 8, 43, 9;
    %jmp/0xz  T_0.0, 4;
    %set/v v0x141d850_0, 0, 1;
    %jmp T_0.1;
T_0.0 ;
    %set/v v0x141d850_0, 1, 1;
T_0.1 ;
    %delay 2, 0;
    %vpi_call 2 37 "$display", "X=%b (%d) Y=%b (%d) C0=%b", v0x141db20_0, v0x141db20_0, v0x141dba0_0, v0x141dba0_0, v0x141d850_0;
    %vpi_call 2 38 "$display", "Result=%b (as unsigned %d)", v0x141daa0_0, v0x141daa0_0;
    %vpi_call 2 39 "$display", "C4=%b C5=%b E=%b", v0x141d8d0_0, v0x141d950_0, v0x141da20_0;
    %load/v 8, v0x141da20_0, 1;
    %mov 9, 0, 1;
    %cmpi/u 8, 0, 2;
    %jmp/0xz  T_0.2, 4;
    %vpi_call 2 41 "$display", "Since E is 0, C5 is not needed.";
    %jmp T_0.3;
T_0.2 ;
    %vpi_call 2 42 "$display", "Since E is 1, correct with C5 in front: %b%b", v0x141d950_0, v0x141daa0_0;
T_0.3 ;
    %end;
    .thread T_0;
# The file index is used to find the file name in the following table.
:file_names 3;
    "N/A";
    "<interactive>";
    "AddSub.v";
