#! /gaia/home/faculty/changw/ivl/bin/vvp
:ivl_version "0.9.6 " "(v0_9_6)";
:vpi_time_precision + 0;
:vpi_module "system";
:vpi_module "v2005_math";
:vpi_module "va_math";
S_0x11ca470 .scope module, "TestMod" "TestMod" 2 3;
 .timescale 0 0;
RS_0x7fdc94b90018 .resolv tri, L_0x11f4ef0, L_0x11f5a40, L_0x11f6650, L_0x11f6f60;
v0x11f4d10_0 .net8 "C", 3 0, RS_0x7fdc94b90018; 4 drivers
v0x11f4dc0_0 .var "CLK", 0 0;
v0x11f4e70_0 .net "Q", 0 15, v0x11f4c60_0; 1 drivers
S_0x11f4af0 .scope module, "my_ripple" "RippleMod" 2 15, 2 36, S_0x11ca470;
 .timescale 0 0;
v0x11f4be0_0 .net "CLK", 0 0, v0x11f4dc0_0; 1 drivers
v0x11f4c60_0 .var "Q", 0 15;
E_0x11f3210 .event posedge, v0x11f4be0_0;
S_0x11d4b50 .scope module, "my_coder" "CoderMod" 2 16, 2 26, S_0x11ca470;
 .timescale 0 0;
L_0x11f3670/0/0 .functor OR 1, L_0x11f5170, L_0x11f5260, L_0x11f53e0, L_0x11f5480;
L_0x11f3670/0/4 .functor OR 1, L_0x11f5570, L_0x11f5660, L_0x11f5860, L_0x11f5950;
L_0x11f3670 .functor OR 1, L_0x11f3670/0/0, L_0x11f3670/0/4, C4<0>, C4<0>;
L_0x11f5b40/0/0 .functor OR 1, L_0x11f5bf0, L_0x11f5ce0, L_0x11f5dd0, L_0x11f5ec0;
L_0x11f5b40/0/4 .functor OR 1, L_0x11f6030, L_0x11f6120, L_0x11f6420, L_0x11f64c0;
L_0x11f5b40 .functor OR 1, L_0x11f5b40/0/0, L_0x11f5b40/0/4, C4<0>, C4<0>;
L_0x11f5ae0/0/0 .functor OR 1, L_0x11f6740, L_0x11f65b0, L_0x11f6930, L_0x11f6830;
L_0x11f5ae0/0/4 .functor OR 1, L_0x11f6b30, L_0x11f6a20, L_0x11f6d40, L_0x11f6c20;
L_0x11f5ae0 .functor OR 1, L_0x11f5ae0/0/0, L_0x11f5ae0/0/4, C4<0>, C4<0>;
L_0x11f6e30/0/0 .functor OR 1, L_0x11f7140, L_0x11f7230, L_0x11f7000, L_0x11f7420;
L_0x11f6e30/0/4 .functor OR 1, L_0x11f7320, L_0x11f7620, L_0x11f50b0, L_0x11f3b80;
L_0x11f6e30 .functor OR 1, L_0x11f6e30/0/0, L_0x11f6e30/0/4, C4<0>, C4<0>;
v0x11d4c40_0 .alias "C", 3 0, v0x11f4d10_0;
v0x11f3050_0 .alias "Q", 0 15, v0x11f4e70_0;
v0x11f30f0_0 .net *"_s1", 0 0, L_0x11f3670; 1 drivers
v0x11f3190_0 .net *"_s10", 0 0, L_0x11f5480; 1 drivers
v0x11f3240_0 .net *"_s12", 0 0, L_0x11f5570; 1 drivers
v0x11f32e0_0 .net *"_s14", 0 0, L_0x11f5660; 1 drivers
v0x11f33c0_0 .net *"_s16", 0 0, L_0x11f5860; 1 drivers
v0x11f3460_0 .net *"_s18", 0 0, L_0x11f5950; 1 drivers
v0x11f3550_0 .net *"_s20", 0 0, L_0x11f5b40; 1 drivers
v0x11f35f0_0 .net *"_s23", 0 0, L_0x11f5bf0; 1 drivers
v0x11f36f0_0 .net *"_s25", 0 0, L_0x11f5ce0; 1 drivers
v0x11f3790_0 .net *"_s27", 0 0, L_0x11f5dd0; 1 drivers
v0x11f38a0_0 .net *"_s29", 0 0, L_0x11f5ec0; 1 drivers
v0x11f3940_0 .net *"_s31", 0 0, L_0x11f6030; 1 drivers
v0x11f3a60_0 .net *"_s33", 0 0, L_0x11f6120; 1 drivers
v0x11f3b00_0 .net *"_s35", 0 0, L_0x11f6420; 1 drivers
v0x11f39c0_0 .net *"_s37", 0 0, L_0x11f64c0; 1 drivers
v0x11f3c50_0 .net *"_s39", 0 0, L_0x11f5ae0; 1 drivers
v0x11f3d70_0 .net *"_s4", 0 0, L_0x11f5170; 1 drivers
v0x11f3df0_0 .net *"_s42", 0 0, L_0x11f6740; 1 drivers
v0x11f3cd0_0 .net *"_s44", 0 0, L_0x11f65b0; 1 drivers
v0x11f3f20_0 .net *"_s46", 0 0, L_0x11f6930; 1 drivers
v0x11f3e70_0 .net *"_s48", 0 0, L_0x11f6830; 1 drivers
v0x11f4060_0 .net *"_s50", 0 0, L_0x11f6b30; 1 drivers
v0x11f3fc0_0 .net *"_s52", 0 0, L_0x11f6a20; 1 drivers
v0x11f41b0_0 .net *"_s54", 0 0, L_0x11f6d40; 1 drivers
v0x11f4100_0 .net *"_s56", 0 0, L_0x11f6c20; 1 drivers
v0x11f4310_0 .net *"_s58", 0 0, L_0x11f6e30; 1 drivers
v0x11f4250_0 .net *"_s6", 0 0, L_0x11f5260; 1 drivers
v0x11f4480_0 .net *"_s61", 0 0, L_0x11f7140; 1 drivers
v0x11f4390_0 .net *"_s63", 0 0, L_0x11f7230; 1 drivers
v0x11f4600_0 .net *"_s65", 0 0, L_0x11f7000; 1 drivers
v0x11f4500_0 .net *"_s67", 0 0, L_0x11f7420; 1 drivers
v0x11f4790_0 .net *"_s69", 0 0, L_0x11f7320; 1 drivers
v0x11f4680_0 .net *"_s71", 0 0, L_0x11f7620; 1 drivers
v0x11f4930_0 .net *"_s73", 0 0, L_0x11f50b0; 1 drivers
v0x11f4810_0 .net *"_s75", 0 0, L_0x11f3b80; 1 drivers
v0x11f48b0_0 .net *"_s8", 0 0, L_0x11f53e0; 1 drivers
L_0x11f4ef0 .part/pv L_0x11f3670, 3, 1, 4;
L_0x11f5170 .part v0x11f4c60_0, 7, 1;
L_0x11f5260 .part v0x11f4c60_0, 6, 1;
L_0x11f53e0 .part v0x11f4c60_0, 5, 1;
L_0x11f5480 .part v0x11f4c60_0, 4, 1;
L_0x11f5570 .part v0x11f4c60_0, 3, 1;
L_0x11f5660 .part v0x11f4c60_0, 2, 1;
L_0x11f5860 .part v0x11f4c60_0, 1, 1;
L_0x11f5950 .part v0x11f4c60_0, 0, 1;
L_0x11f5a40 .part/pv L_0x11f5b40, 2, 1, 4;
L_0x11f5bf0 .part v0x11f4c60_0, 11, 1;
L_0x11f5ce0 .part v0x11f4c60_0, 10, 1;
L_0x11f5dd0 .part v0x11f4c60_0, 9, 1;
L_0x11f5ec0 .part v0x11f4c60_0, 8, 1;
L_0x11f6030 .part v0x11f4c60_0, 3, 1;
L_0x11f6120 .part v0x11f4c60_0, 2, 1;
L_0x11f6420 .part v0x11f4c60_0, 1, 1;
L_0x11f64c0 .part v0x11f4c60_0, 0, 1;
L_0x11f6650 .part/pv L_0x11f5ae0, 1, 1, 4;
L_0x11f6740 .part v0x11f4c60_0, 13, 1;
L_0x11f65b0 .part v0x11f4c60_0, 12, 1;
L_0x11f6930 .part v0x11f4c60_0, 9, 1;
L_0x11f6830 .part v0x11f4c60_0, 8, 1;
L_0x11f6b30 .part v0x11f4c60_0, 5, 1;
L_0x11f6a20 .part v0x11f4c60_0, 4, 1;
L_0x11f6d40 .part v0x11f4c60_0, 1, 1;
L_0x11f6c20 .part v0x11f4c60_0, 0, 1;
L_0x11f6f60 .part/pv L_0x11f6e30, 0, 1, 4;
L_0x11f7140 .part v0x11f4c60_0, 14, 1;
L_0x11f7230 .part v0x11f4c60_0, 12, 1;
L_0x11f7000 .part v0x11f4c60_0, 10, 1;
L_0x11f7420 .part v0x11f4c60_0, 8, 1;
L_0x11f7320 .part v0x11f4c60_0, 6, 1;
L_0x11f7620 .part v0x11f4c60_0, 4, 1;
L_0x11f50b0 .part v0x11f4c60_0, 2, 1;
L_0x11f3b80 .part v0x11f4c60_0, 0, 1;
    .scope S_0x11f4af0;
T_0 ;
    %wait E_0x11f3210;
    %load/v 8, v0x11f4c60_0, 1; Only need 1 of 16 bits
; Save base=8 wid=1 in lookaside.
    %ix/load 0, 1, 0;
    %ix/load 1, 15, 0;
    %assign/v0/x1 v0x11f4c60_0, 0, 8;
    %ix/load 1, 15, 0;
    %mov 4, 0, 1;
    %jmp/1 T_0.0, 4;
    %load/x1p 8, v0x11f4c60_0, 1;
    %jmp T_0.1;
T_0.0 ;
    %mov 8, 2, 1;
T_0.1 ;
; Save base=8 wid=1 in lookaside.
    %ix/load 0, 1, 0;
    %ix/load 1, 14, 0;
    %assign/v0/x1 v0x11f4c60_0, 0, 8;
    %ix/load 1, 14, 0;
    %mov 4, 0, 1;
    %jmp/1 T_0.2, 4;
    %load/x1p 8, v0x11f4c60_0, 1;
    %jmp T_0.3;
T_0.2 ;
    %mov 8, 2, 1;
T_0.3 ;
; Save base=8 wid=1 in lookaside.
    %ix/load 0, 1, 0;
    %ix/load 1, 13, 0;
    %assign/v0/x1 v0x11f4c60_0, 0, 8;
    %ix/load 1, 13, 0;
    %mov 4, 0, 1;
    %jmp/1 T_0.4, 4;
    %load/x1p 8, v0x11f4c60_0, 1;
    %jmp T_0.5;
T_0.4 ;
    %mov 8, 2, 1;
T_0.5 ;
; Save base=8 wid=1 in lookaside.
    %ix/load 0, 1, 0;
    %ix/load 1, 12, 0;
    %assign/v0/x1 v0x11f4c60_0, 0, 8;
    %ix/load 1, 12, 0;
    %mov 4, 0, 1;
    %jmp/1 T_0.6, 4;
    %load/x1p 8, v0x11f4c60_0, 1;
    %jmp T_0.7;
T_0.6 ;
    %mov 8, 2, 1;
T_0.7 ;
; Save base=8 wid=1 in lookaside.
    %ix/load 0, 1, 0;
    %ix/load 1, 11, 0;
    %assign/v0/x1 v0x11f4c60_0, 0, 8;
    %ix/load 1, 11, 0;
    %mov 4, 0, 1;
    %jmp/1 T_0.8, 4;
    %load/x1p 8, v0x11f4c60_0, 1;
    %jmp T_0.9;
T_0.8 ;
    %mov 8, 2, 1;
T_0.9 ;
; Save base=8 wid=1 in lookaside.
    %ix/load 0, 1, 0;
    %ix/load 1, 10, 0;
    %assign/v0/x1 v0x11f4c60_0, 0, 8;
    %ix/load 1, 10, 0;
    %mov 4, 0, 1;
    %jmp/1 T_0.10, 4;
    %load/x1p 8, v0x11f4c60_0, 1;
    %jmp T_0.11;
T_0.10 ;
    %mov 8, 2, 1;
T_0.11 ;
; Save base=8 wid=1 in lookaside.
    %ix/load 0, 1, 0;
    %ix/load 1, 9, 0;
    %assign/v0/x1 v0x11f4c60_0, 0, 8;
    %ix/load 1, 9, 0;
    %mov 4, 0, 1;
    %jmp/1 T_0.12, 4;
    %load/x1p 8, v0x11f4c60_0, 1;
    %jmp T_0.13;
T_0.12 ;
    %mov 8, 2, 1;
T_0.13 ;
; Save base=8 wid=1 in lookaside.
    %ix/load 0, 1, 0;
    %ix/load 1, 8, 0;
    %assign/v0/x1 v0x11f4c60_0, 0, 8;
    %ix/load 1, 8, 0;
    %mov 4, 0, 1;
    %jmp/1 T_0.14, 4;
    %load/x1p 8, v0x11f4c60_0, 1;
    %jmp T_0.15;
T_0.14 ;
    %mov 8, 2, 1;
T_0.15 ;
; Save base=8 wid=1 in lookaside.
    %ix/load 0, 1, 0;
    %ix/load 1, 7, 0;
    %assign/v0/x1 v0x11f4c60_0, 0, 8;
    %ix/load 1, 7, 0;
    %mov 4, 0, 1;
    %jmp/1 T_0.16, 4;
    %load/x1p 8, v0x11f4c60_0, 1;
    %jmp T_0.17;
T_0.16 ;
    %mov 8, 2, 1;
T_0.17 ;
; Save base=8 wid=1 in lookaside.
    %ix/load 0, 1, 0;
    %ix/load 1, 6, 0;
    %assign/v0/x1 v0x11f4c60_0, 0, 8;
    %ix/load 1, 6, 0;
    %mov 4, 0, 1;
    %jmp/1 T_0.18, 4;
    %load/x1p 8, v0x11f4c60_0, 1;
    %jmp T_0.19;
T_0.18 ;
    %mov 8, 2, 1;
T_0.19 ;
; Save base=8 wid=1 in lookaside.
    %ix/load 0, 1, 0;
    %ix/load 1, 5, 0;
    %assign/v0/x1 v0x11f4c60_0, 0, 8;
    %ix/load 1, 5, 0;
    %mov 4, 0, 1;
    %jmp/1 T_0.20, 4;
    %load/x1p 8, v0x11f4c60_0, 1;
    %jmp T_0.21;
T_0.20 ;
    %mov 8, 2, 1;
T_0.21 ;
; Save base=8 wid=1 in lookaside.
    %ix/load 0, 1, 0;
    %ix/load 1, 4, 0;
    %assign/v0/x1 v0x11f4c60_0, 0, 8;
    %ix/load 1, 4, 0;
    %mov 4, 0, 1;
    %jmp/1 T_0.22, 4;
    %load/x1p 8, v0x11f4c60_0, 1;
    %jmp T_0.23;
T_0.22 ;
    %mov 8, 2, 1;
T_0.23 ;
; Save base=8 wid=1 in lookaside.
    %ix/load 0, 1, 0;
    %ix/load 1, 3, 0;
    %assign/v0/x1 v0x11f4c60_0, 0, 8;
    %ix/load 1, 3, 0;
    %mov 4, 0, 1;
    %jmp/1 T_0.24, 4;
    %load/x1p 8, v0x11f4c60_0, 1;
    %jmp T_0.25;
T_0.24 ;
    %mov 8, 2, 1;
T_0.25 ;
; Save base=8 wid=1 in lookaside.
    %ix/load 0, 1, 0;
    %ix/load 1, 2, 0;
    %assign/v0/x1 v0x11f4c60_0, 0, 8;
    %ix/load 1, 2, 0;
    %mov 4, 0, 1;
    %jmp/1 T_0.26, 4;
    %load/x1p 8, v0x11f4c60_0, 1;
    %jmp T_0.27;
T_0.26 ;
    %mov 8, 2, 1;
T_0.27 ;
; Save base=8 wid=1 in lookaside.
    %ix/load 0, 1, 0;
    %ix/load 1, 1, 0;
    %assign/v0/x1 v0x11f4c60_0, 0, 8;
    %ix/load 1, 1, 0;
    %mov 4, 0, 1;
    %jmp/1 T_0.28, 4;
    %load/x1p 8, v0x11f4c60_0, 1;
    %jmp T_0.29;
T_0.28 ;
    %mov 8, 2, 1;
T_0.29 ;
; Save base=8 wid=1 in lookaside.
    %ix/load 0, 1, 0;
    %ix/load 1, 0, 0;
    %assign/v0/x1 v0x11f4c60_0, 0, 8;
    %jmp T_0;
    .thread T_0;
    .scope S_0x11f4af0;
T_1 ;
    %movi 8, 32768, 16;
    %set/v v0x11f4c60_0, 8, 16;
    %end;
    .thread T_1;
    .scope S_0x11ca470;
T_2 ;
    %set/v v0x11f4dc0_0, 0, 1;
    %delay 1, 0;
    %set/v v0x11f4dc0_0, 1, 1;
    %delay 1, 0;
    %jmp T_2;
    .thread T_2;
    .scope S_0x11ca470;
T_3 ;
    %delay 36, 0;
    %vpi_call 2 18 "$finish";
    %end;
    .thread T_3;
    .scope S_0x11ca470;
T_4 ;
    %vpi_call 2 21 "$display", "Time CLK  Q1 ........... Q16    C      C";
    %vpi_call 2 22 "$monitor", "%4d   %b  %b  %b  %d", $time, v0x11f4dc0_0, v0x11f4e70_0, v0x11f4d10_0, v0x11f4d10_0;
    %end;
    .thread T_4;
# The file index is used to find the file name in the following table.
:file_names 3;
    "N/A";
    "<interactive>";
    "count16.v";
