#! /gaia/home/faculty/changw/ivl/bin/vvp
:ivl_version "0.9.6 " "(v0_9_6)";
:vpi_time_precision + 0;
:vpi_module "system";
:vpi_module "v2005_math";
:vpi_module "va_math";
S_0x15c4d90 .scope module, "TestMod" "TestMod" 2 4;
 .timescale 0 0;
P_0x15c56e8 .param/l "STDIN" 2 5, C4<10000000000000000000000000000000>;
v0x15f5c30_0 .var "ascii", 6 0;
v0x15f5cd0_0 .var "clk", 0 0;
v0x15f38f0_0 .net "match", 0 0, L_0x15f5740; 1 drivers
v0x15f6110 .array "str", 4 1, 6 0;
S_0x15c44a0 .scope module, "my_recognizer" "RecognizerMod" 2 12, 2 37, S_0x15c4d90;
 .timescale 0 0;
L_0x15f46b0 .functor NOT 1, L_0x15f68b0, C4<0>, C4<0>, C4<0>;
L_0x15f6a90 .functor AND 1, L_0x15f6bc0, L_0x15f6d10, L_0x15f46b0, C4<1>;
L_0x15f6e40 .functor NOT 1, L_0x15f6ea0, C4<0>, C4<0>, C4<0>;
L_0x15f6cb0 .functor AND 1, L_0x15f6e40, L_0x15f7120, L_0x15f7290, C4<1>;
L_0x15f7410 .functor NOT 1, L_0x15f7470, C4<0>, C4<0>, C4<0>;
L_0x15f7690 .functor AND 1, L_0x15f7790, L_0x15f7410, L_0x15f7920, C4<1>;
L_0x15f7880 .functor NOR 1, L_0x15f7c30, L_0x15f7d20, L_0x15f7b80, C4<0>;
L_0x15f7fb0 .functor NOT 1, L_0x15f8010, C4<0>, C4<0>, C4<0>;
L_0x15f8220 .functor AND 1, L_0x15f8320, L_0x15f7fb0, L_0x15f8150, C4<1>;
L_0x15f8410 .functor AND 1, L_0x15f8760, L_0x15f8850, L_0x15f8670, C4<1>;
L_0x15f8940 .functor AND 1, L_0x15f89a0, L_0x15f8d20, L_0x15f8b70, C4<1>;
L_0x15f5740/0/0 .functor AND 1, L_0x15f4bc0, L_0x15f8e10, L_0x15f9200, L_0x15f90d0;
L_0x15f5740/0/4 .functor AND 1, L_0x15f93e0, L_0x15f92a0, L_0x15f95d0, C4<1>;
L_0x15f5740 .functor AND 1, L_0x15f5740/0/0, L_0x15f5740/0/4, C4<1>, C4<1>;
v0x15f3fc0 .array "Q", 6 0;
v0x15f3fc0_0 .net v0x15f3fc0 0, 0 2, v0x15f2d50_0; 1 drivers
v0x15f3fc0_1 .net v0x15f3fc0 1, 0 2, v0x15f3050_0; 1 drivers
v0x15f3fc0_2 .net v0x15f3fc0 2, 0 2, v0x15f3350_0; 1 drivers
v0x15f3fc0_3 .net v0x15f3fc0 3, 0 2, v0x15f3620_0; 1 drivers
v0x15f3fc0_4 .net v0x15f3fc0 4, 0 2, v0x15f3980_0; 1 drivers
v0x15f3fc0_5 .net v0x15f3fc0 5, 0 2, v0x15f3c50_0; 1 drivers
v0x15f3fc0_6 .net v0x15f3fc0 6, 0 2, v0x15f3f20_0; 1 drivers
v0x15f41c0_0 .net *"_s102", 0 0, L_0x15f89a0; 1 drivers
v0x15f4240_0 .net *"_s105", 0 0, L_0x15f8d20; 1 drivers
v0x15f42c0_0 .net *"_s108", 0 0, L_0x15f8b70; 1 drivers
v0x15f4370_0 .net *"_s111", 0 0, L_0x15f4bc0; 1 drivers
v0x15f43f0_0 .net *"_s113", 0 0, L_0x15f8e10; 1 drivers
v0x15f44b0_0 .net *"_s115", 0 0, L_0x15f9200; 1 drivers
v0x15f4530_0 .net *"_s117", 0 0, L_0x15f90d0; 1 drivers
v0x15f45b0_0 .net *"_s119", 0 0, L_0x15f93e0; 1 drivers
v0x15f4630_0 .net *"_s121", 0 0, L_0x15f92a0; 1 drivers
v0x15f4730_0 .net *"_s123", 0 0, L_0x15f95d0; 1 drivers
v0x15f47d0_0 .net *"_s24", 0 0, L_0x15f68b0; 1 drivers
v0x15f48e0_0 .net *"_s26", 0 0, L_0x15f6a90; 1 drivers
v0x15f4980_0 .net *"_s30", 0 0, L_0x15f6bc0; 1 drivers
v0x15f4aa0_0 .net *"_s33", 0 0, L_0x15f6d10; 1 drivers
v0x15f4b40_0 .net *"_s37", 0 0, L_0x15f6ea0; 1 drivers
v0x15f4a00_0 .net *"_s39", 0 0, L_0x15f6cb0; 1 drivers
v0x15f4c90_0 .net *"_s43", 0 0, L_0x15f7120; 1 drivers
v0x15f4db0_0 .net *"_s46", 0 0, L_0x15f7290; 1 drivers
v0x15f4e30_0 .net *"_s50", 0 0, L_0x15f7470; 1 drivers
v0x15f4d10_0 .net *"_s52", 0 0, L_0x15f7690; 1 drivers
v0x15f4f60_0 .net *"_s56", 0 0, L_0x15f7790; 1 drivers
v0x15f4eb0_0 .net *"_s59", 0 0, L_0x15f7920; 1 drivers
v0x15f50a0_0 .net *"_s61", 0 0, L_0x15f7880; 1 drivers
v0x15f5000_0 .net *"_s65", 0 0, L_0x15f7c30; 1 drivers
v0x15f51f0_0 .net *"_s68", 0 0, L_0x15f7d20; 1 drivers
v0x15f5140_0 .net *"_s71", 0 0, L_0x15f7b80; 1 drivers
v0x15f5350_0 .net *"_s75", 0 0, L_0x15f8010; 1 drivers
v0x15f5290_0 .net *"_s77", 0 0, L_0x15f8220; 1 drivers
v0x15f54c0_0 .net *"_s81", 0 0, L_0x15f8320; 1 drivers
v0x15f53d0_0 .net *"_s84", 0 0, L_0x15f8150; 1 drivers
v0x15f5640_0 .net *"_s86", 0 0, L_0x15f8410; 1 drivers
v0x15f5540_0 .net *"_s90", 0 0, L_0x15f8760; 1 drivers
v0x15f57d0_0 .net *"_s93", 0 0, L_0x15f8850; 1 drivers
v0x15f56c0_0 .net *"_s96", 0 0, L_0x15f8670; 1 drivers
v0x15f5970_0 .net *"_s98", 0 0, L_0x15f8940; 1 drivers
v0x15f5850_0 .net "ascii", 6 0, v0x15f5c30_0; 1 drivers
v0x15f58f0_0 .net "clk", 0 0, v0x15f5cd0_0; 1 drivers
v0x15f5b30_0 .net "invQ21", 0 0, L_0x15f7fb0; 1 drivers
v0x15f5bb0_0 .net "invQ41", 0 0, L_0x15f7410; 1 drivers
v0x15f59f0_0 .net "invQ52", 0 0, L_0x15f6e40; 1 drivers
v0x15f5a90_0 .net "invQ60", 0 0, L_0x15f46b0; 1 drivers
v0x15f5d90_0 .alias "match", 0 0, v0x15f38f0_0;
RS_0x7f15b8c29a98/0/0 .resolv tri, L_0x15f69f0, L_0x15f6f90, L_0x15f75f0, L_0x15f7a50;
RS_0x7f15b8c29a98/0/4 .resolv tri, L_0x15f7e10, L_0x15f85d0, L_0x15f8ad0, C4<zzzzzzz>;
RS_0x7f15b8c29a98 .resolv tri, RS_0x7f15b8c29a98/0/0, RS_0x7f15b8c29a98/0/4, C4<zzzzzzz>, C4<zzzzzzz>;
v0x15f5e10_0 .net8 "submatch", 6 0, RS_0x7f15b8c29a98; 7 drivers
L_0x15f6190 .part v0x15f5c30_0, 6, 1;
L_0x15f6260 .part v0x15f5c30_0, 5, 1;
L_0x15f6300 .part v0x15f5c30_0, 4, 1;
L_0x15f6460 .part v0x15f5c30_0, 3, 1;
L_0x15f6560 .part v0x15f5c30_0, 2, 1;
L_0x15f6630 .part v0x15f5c30_0, 1, 1;
L_0x15f6700 .part v0x15f5c30_0, 0, 1;
L_0x15f68b0 .part v0x15f3f20_0, 2, 1;
L_0x15f69f0 .part/pv L_0x15f6a90, 6, 1, 7;
L_0x15f6bc0 .part v0x15f3f20_0, 0, 1;
L_0x15f6d10 .part v0x15f3f20_0, 1, 1;
L_0x15f6ea0 .part v0x15f3c50_0, 0, 1;
L_0x15f6f90 .part/pv L_0x15f6cb0, 5, 1, 7;
L_0x15f7120 .part v0x15f3c50_0, 1, 1;
L_0x15f7290 .part v0x15f3c50_0, 2, 1;
L_0x15f7470 .part v0x15f3980_0, 1, 1;
L_0x15f75f0 .part/pv L_0x15f7690, 4, 1, 7;
L_0x15f7790 .part v0x15f3980_0, 0, 1;
L_0x15f7920 .part v0x15f3980_0, 2, 1;
L_0x15f7a50 .part/pv L_0x15f7880, 3, 1, 7;
L_0x15f7c30 .part v0x15f3620_0, 0, 1;
L_0x15f7d20 .part v0x15f3620_0, 1, 1;
L_0x15f7b80 .part v0x15f3620_0, 2, 1;
L_0x15f8010 .part v0x15f3350_0, 1, 1;
L_0x15f7e10 .part/pv L_0x15f8220, 2, 1, 7;
L_0x15f8320 .part v0x15f3350_0, 0, 1;
L_0x15f8150 .part v0x15f3350_0, 2, 1;
L_0x15f85d0 .part/pv L_0x15f8410, 1, 1, 7;
L_0x15f8760 .part v0x15f3050_0, 0, 1;
L_0x15f8850 .part v0x15f3050_0, 1, 1;
L_0x15f8670 .part v0x15f3050_0, 2, 1;
L_0x15f8ad0 .part/pv L_0x15f8940, 0, 1, 7;
L_0x15f89a0 .part v0x15f2d50_0, 0, 1;
L_0x15f8d20 .part v0x15f2d50_0, 1, 1;
L_0x15f8b70 .part v0x15f2d50_0, 2, 1;
L_0x15f4bc0 .part RS_0x7f15b8c29a98, 6, 1;
L_0x15f8e10 .part RS_0x7f15b8c29a98, 5, 1;
L_0x15f9200 .part RS_0x7f15b8c29a98, 4, 1;
L_0x15f90d0 .part RS_0x7f15b8c29a98, 3, 1;
L_0x15f93e0 .part RS_0x7f15b8c29a98, 2, 1;
L_0x15f92a0 .part RS_0x7f15b8c29a98, 1, 1;
L_0x15f95d0 .part RS_0x7f15b8c29a98, 0, 1;
S_0x15f3cf0 .scope module, "Ripple6" "RippleMod" 2 53, 2 81, S_0x15c44a0;
 .timescale 0 0;
v0x15f3de0_0 .net "ascii_bit", 0 0, L_0x15f6190; 1 drivers
v0x15f3ea0_0 .alias "clk", 0 0, v0x15f58f0_0;
v0x15f3f20_0 .var "q", 0 2;
S_0x15f3a20 .scope module, "Ripple5" "RippleMod" 2 54, 2 81, S_0x15c44a0;
 .timescale 0 0;
v0x15f3b10_0 .net "ascii_bit", 0 0, L_0x15f6260; 1 drivers
v0x15f3bd0_0 .alias "clk", 0 0, v0x15f58f0_0;
v0x15f3c50_0 .var "q", 0 2;
S_0x15f36c0 .scope module, "Ripple4" "RippleMod" 2 55, 2 81, S_0x15c44a0;
 .timescale 0 0;
v0x15f37b0_0 .net "ascii_bit", 0 0, L_0x15f6300; 1 drivers
v0x15f3870_0 .alias "clk", 0 0, v0x15f58f0_0;
v0x15f3980_0 .var "q", 0 2;
S_0x15f33f0 .scope module, "Ripple3" "RippleMod" 2 56, 2 81, S_0x15c44a0;
 .timescale 0 0;
v0x15f34e0_0 .net "ascii_bit", 0 0, L_0x15f6460; 1 drivers
v0x15f35a0_0 .alias "clk", 0 0, v0x15f58f0_0;
v0x15f3620_0 .var "q", 0 2;
S_0x15f30d0 .scope module, "Ripple2" "RippleMod" 2 57, 2 81, S_0x15c44a0;
 .timescale 0 0;
v0x15f31c0_0 .net "ascii_bit", 0 0, L_0x15f6560; 1 drivers
v0x15f3280_0 .alias "clk", 0 0, v0x15f58f0_0;
v0x15f3350_0 .var "q", 0 2;
S_0x15f2df0 .scope module, "Ripple1" "RippleMod" 2 58, 2 81, S_0x15c44a0;
 .timescale 0 0;
v0x15f2ee0_0 .net "ascii_bit", 0 0, L_0x15f6630; 1 drivers
v0x15f2fa0_0 .alias "clk", 0 0, v0x15f58f0_0;
v0x15f3050_0 .var "q", 0 2;
S_0x15c40b0 .scope module, "Ripple0" "RippleMod" 2 59, 2 81, S_0x15c44a0;
 .timescale 0 0;
v0x15bc630_0 .net "ascii_bit", 0 0, L_0x15f6700; 1 drivers
v0x15f2cb0_0 .alias "clk", 0 0, v0x15f58f0_0;
v0x15f2d50_0 .var "q", 0 2;
E_0x15b9150 .event posedge, v0x15f2cb0_0;
    .scope S_0x15f3cf0;
T_0 ;
    %wait E_0x15b9150;
    %load/v 8, v0x15f3de0_0, 1;
    %ix/load 0, 1, 0;
    %ix/load 1, 2, 0;
    %assign/v0/x1 v0x15f3f20_0, 0, 8;
    %ix/load 1, 2, 0;
    %mov 4, 0, 1;
    %jmp/1 T_0.0, 4;
    %load/x1p 8, v0x15f3f20_0, 1;
    %jmp T_0.1;
T_0.0 ;
    %mov 8, 2, 1;
T_0.1 ;
; Save base=8 wid=1 in lookaside.
    %ix/load 0, 1, 0;
    %ix/load 1, 1, 0;
    %assign/v0/x1 v0x15f3f20_0, 0, 8;
    %ix/load 1, 1, 0;
    %mov 4, 0, 1;
    %jmp/1 T_0.2, 4;
    %load/x1p 8, v0x15f3f20_0, 1;
    %jmp T_0.3;
T_0.2 ;
    %mov 8, 2, 1;
T_0.3 ;
; Save base=8 wid=1 in lookaside.
    %ix/load 0, 1, 0;
    %ix/load 1, 0, 0;
    %assign/v0/x1 v0x15f3f20_0, 0, 8;
    %jmp T_0;
    .thread T_0;
    .scope S_0x15f3cf0;
T_1 ;
    %set/v v0x15f3f20_0, 0, 3;
    %end;
    .thread T_1;
    .scope S_0x15f3a20;
T_2 ;
    %wait E_0x15b9150;
    %load/v 8, v0x15f3b10_0, 1;
    %ix/load 0, 1, 0;
    %ix/load 1, 2, 0;
    %assign/v0/x1 v0x15f3c50_0, 0, 8;
    %ix/load 1, 2, 0;
    %mov 4, 0, 1;
    %jmp/1 T_2.0, 4;
    %load/x1p 8, v0x15f3c50_0, 1;
    %jmp T_2.1;
T_2.0 ;
    %mov 8, 2, 1;
T_2.1 ;
; Save base=8 wid=1 in lookaside.
    %ix/load 0, 1, 0;
    %ix/load 1, 1, 0;
    %assign/v0/x1 v0x15f3c50_0, 0, 8;
    %ix/load 1, 1, 0;
    %mov 4, 0, 1;
    %jmp/1 T_2.2, 4;
    %load/x1p 8, v0x15f3c50_0, 1;
    %jmp T_2.3;
T_2.2 ;
    %mov 8, 2, 1;
T_2.3 ;
; Save base=8 wid=1 in lookaside.
    %ix/load 0, 1, 0;
    %ix/load 1, 0, 0;
    %assign/v0/x1 v0x15f3c50_0, 0, 8;
    %jmp T_2;
    .thread T_2;
    .scope S_0x15f3a20;
T_3 ;
    %set/v v0x15f3c50_0, 0, 3;
    %end;
    .thread T_3;
    .scope S_0x15f36c0;
T_4 ;
    %wait E_0x15b9150;
    %load/v 8, v0x15f37b0_0, 1;
    %ix/load 0, 1, 0;
    %ix/load 1, 2, 0;
    %assign/v0/x1 v0x15f3980_0, 0, 8;
    %ix/load 1, 2, 0;
    %mov 4, 0, 1;
    %jmp/1 T_4.0, 4;
    %load/x1p 8, v0x15f3980_0, 1;
    %jmp T_4.1;
T_4.0 ;
    %mov 8, 2, 1;
T_4.1 ;
; Save base=8 wid=1 in lookaside.
    %ix/load 0, 1, 0;
    %ix/load 1, 1, 0;
    %assign/v0/x1 v0x15f3980_0, 0, 8;
    %ix/load 1, 1, 0;
    %mov 4, 0, 1;
    %jmp/1 T_4.2, 4;
    %load/x1p 8, v0x15f3980_0, 1;
    %jmp T_4.3;
T_4.2 ;
    %mov 8, 2, 1;
T_4.3 ;
; Save base=8 wid=1 in lookaside.
    %ix/load 0, 1, 0;
    %ix/load 1, 0, 0;
    %assign/v0/x1 v0x15f3980_0, 0, 8;
    %jmp T_4;
    .thread T_4;
    .scope S_0x15f36c0;
T_5 ;
    %set/v v0x15f3980_0, 0, 3;
    %end;
    .thread T_5;
    .scope S_0x15f33f0;
T_6 ;
    %wait E_0x15b9150;
    %load/v 8, v0x15f34e0_0, 1;
    %ix/load 0, 1, 0;
    %ix/load 1, 2, 0;
    %assign/v0/x1 v0x15f3620_0, 0, 8;
    %ix/load 1, 2, 0;
    %mov 4, 0, 1;
    %jmp/1 T_6.0, 4;
    %load/x1p 8, v0x15f3620_0, 1;
    %jmp T_6.1;
T_6.0 ;
    %mov 8, 2, 1;
T_6.1 ;
; Save base=8 wid=1 in lookaside.
    %ix/load 0, 1, 0;
    %ix/load 1, 1, 0;
    %assign/v0/x1 v0x15f3620_0, 0, 8;
    %ix/load 1, 1, 0;
    %mov 4, 0, 1;
    %jmp/1 T_6.2, 4;
    %load/x1p 8, v0x15f3620_0, 1;
    %jmp T_6.3;
T_6.2 ;
    %mov 8, 2, 1;
T_6.3 ;
; Save base=8 wid=1 in lookaside.
    %ix/load 0, 1, 0;
    %ix/load 1, 0, 0;
    %assign/v0/x1 v0x15f3620_0, 0, 8;
    %jmp T_6;
    .thread T_6;
    .scope S_0x15f33f0;
T_7 ;
    %set/v v0x15f3620_0, 0, 3;
    %end;
    .thread T_7;
    .scope S_0x15f30d0;
T_8 ;
    %wait E_0x15b9150;
    %load/v 8, v0x15f31c0_0, 1;
    %ix/load 0, 1, 0;
    %ix/load 1, 2, 0;
    %assign/v0/x1 v0x15f3350_0, 0, 8;
    %ix/load 1, 2, 0;
    %mov 4, 0, 1;
    %jmp/1 T_8.0, 4;
    %load/x1p 8, v0x15f3350_0, 1;
    %jmp T_8.1;
T_8.0 ;
    %mov 8, 2, 1;
T_8.1 ;
; Save base=8 wid=1 in lookaside.
    %ix/load 0, 1, 0;
    %ix/load 1, 1, 0;
    %assign/v0/x1 v0x15f3350_0, 0, 8;
    %ix/load 1, 1, 0;
    %mov 4, 0, 1;
    %jmp/1 T_8.2, 4;
    %load/x1p 8, v0x15f3350_0, 1;
    %jmp T_8.3;
T_8.2 ;
    %mov 8, 2, 1;
T_8.3 ;
; Save base=8 wid=1 in lookaside.
    %ix/load 0, 1, 0;
    %ix/load 1, 0, 0;
    %assign/v0/x1 v0x15f3350_0, 0, 8;
    %jmp T_8;
    .thread T_8;
    .scope S_0x15f30d0;
T_9 ;
    %set/v v0x15f3350_0, 0, 3;
    %end;
    .thread T_9;
    .scope S_0x15f2df0;
T_10 ;
    %wait E_0x15b9150;
    %load/v 8, v0x15f2ee0_0, 1;
    %ix/load 0, 1, 0;
    %ix/load 1, 2, 0;
    %assign/v0/x1 v0x15f3050_0, 0, 8;
    %ix/load 1, 2, 0;
    %mov 4, 0, 1;
    %jmp/1 T_10.0, 4;
    %load/x1p 8, v0x15f3050_0, 1;
    %jmp T_10.1;
T_10.0 ;
    %mov 8, 2, 1;
T_10.1 ;
; Save base=8 wid=1 in lookaside.
    %ix/load 0, 1, 0;
    %ix/load 1, 1, 0;
    %assign/v0/x1 v0x15f3050_0, 0, 8;
    %ix/load 1, 1, 0;
    %mov 4, 0, 1;
    %jmp/1 T_10.2, 4;
    %load/x1p 8, v0x15f3050_0, 1;
    %jmp T_10.3;
T_10.2 ;
    %mov 8, 2, 1;
T_10.3 ;
; Save base=8 wid=1 in lookaside.
    %ix/load 0, 1, 0;
    %ix/load 1, 0, 0;
    %assign/v0/x1 v0x15f3050_0, 0, 8;
    %jmp T_10;
    .thread T_10;
    .scope S_0x15f2df0;
T_11 ;
    %set/v v0x15f3050_0, 0, 3;
    %end;
    .thread T_11;
    .scope S_0x15c40b0;
T_12 ;
    %wait E_0x15b9150;
    %load/v 8, v0x15bc630_0, 1;
    %ix/load 0, 1, 0;
    %ix/load 1, 2, 0;
    %assign/v0/x1 v0x15f2d50_0, 0, 8;
    %ix/load 1, 2, 0;
    %mov 4, 0, 1;
    %jmp/1 T_12.0, 4;
    %load/x1p 8, v0x15f2d50_0, 1;
    %jmp T_12.1;
T_12.0 ;
    %mov 8, 2, 1;
T_12.1 ;
; Save base=8 wid=1 in lookaside.
    %ix/load 0, 1, 0;
    %ix/load 1, 1, 0;
    %assign/v0/x1 v0x15f2d50_0, 0, 8;
    %ix/load 1, 1, 0;
    %mov 4, 0, 1;
    %jmp/1 T_12.2, 4;
    %load/x1p 8, v0x15f2d50_0, 1;
    %jmp T_12.3;
T_12.2 ;
    %mov 8, 2, 1;
T_12.3 ;
; Save base=8 wid=1 in lookaside.
    %ix/load 0, 1, 0;
    %ix/load 1, 0, 0;
    %assign/v0/x1 v0x15f2d50_0, 0, 8;
    %jmp T_12;
    .thread T_12;
    .scope S_0x15c40b0;
T_13 ;
    %set/v v0x15f2d50_0, 0, 3;
    %end;
    .thread T_13;
    .scope S_0x15c4d90;
T_14 ;
    %vpi_call 2 15 "$display", "Enter the the magic sequence: ";
    %vpi_func 2 16 "$fgetc", 8, 32, P_0x15c56e8;
   %ix/load 1, 0, 0;
   %ix/load 3, 0, 0;
   %set/av v0x15f6110, 8, 7;
    %vpi_func 2 17 "$fgetc", 8, 32, P_0x15c56e8;
   %ix/load 1, 0, 0;
   %ix/load 3, 1, 0;
   %set/av v0x15f6110, 8, 7;
    %vpi_func 2 18 "$fgetc", 8, 32, P_0x15c56e8;
   %ix/load 1, 0, 0;
   %ix/load 3, 2, 0;
   %set/av v0x15f6110, 8, 7;
    %vpi_func 2 19 "$fgetc", 8, 32, P_0x15c56e8;
   %ix/load 1, 0, 0;
   %ix/load 3, 3, 0;
   %set/av v0x15f6110, 8, 7;
    %vpi_call 2 21 "$display", "Time clk    ascii       match";
    %vpi_call 2 22 "$monitor", "%4d   %b    %c %b   %b", $time, v0x15f5cd0_0, v0x15f5c30_0, v0x15f5c30_0, v0x15f38f0_0;
    %set/v v0x15f5cd0_0, 0, 1;
    %ix/load 3, 0, 0;
    %mov 4, 0, 1;
    %load/av 8, v0x15f6110, 7;
    %set/v v0x15f5c30_0, 8, 7;
    %delay 1, 0;
    %set/v v0x15f5cd0_0, 1, 1;
    %delay 1, 0;
    %set/v v0x15f5cd0_0, 0, 1;
    %ix/load 3, 1, 0;
    %mov 4, 0, 1;
    %load/av 8, v0x15f6110, 7;
    %set/v v0x15f5c30_0, 8, 7;
    %delay 1, 0;
    %set/v v0x15f5cd0_0, 1, 1;
    %delay 1, 0;
    %set/v v0x15f5cd0_0, 0, 1;
    %ix/load 3, 2, 0;
    %mov 4, 0, 1;
    %load/av 8, v0x15f6110, 7;
    %set/v v0x15f5c30_0, 8, 7;
    %delay 1, 0;
    %set/v v0x15f5cd0_0, 1, 1;
    %delay 1, 0;
    %set/v v0x15f5cd0_0, 0, 1;
    %end;
    .thread T_14;
# The file index is used to find the file name in the following table.
:file_names 3;
    "N/A";
    "<interactive>";
    "Wc7-recog.v";
